<?xml version="1.0" encoding="UTF-8"?>
<!-- Generated by org.testng.reporters.JUnitXMLReporter -->
<testsuite ignored="3" hostname="kaverishravani" failures="3" tests="3" name="Test" time="0.144" errors="0" timestamp="2025-04-17T09:46:09 EDT">
  <testcase classname="TestCases.TC004_VerifyCompletePurchaseSuccess" name="purchaseCompleteSucess" time="0.021">
    <failure type="java.lang.NullPointerException" message="Cannot invoke &amp;quot;org.openqa.selenium.WebDriver.manage()&amp;quot; because &amp;quot;this.driver&amp;quot; is null">
      <![CDATA[java.lang.NullPointerException: Cannot invoke "org.openqa.selenium.WebDriver.manage()" because "this.driver" is null
at TestCases.TC004_VerifyCompletePurchaseSuccess.purchaseCompleteSucess(TC004_VerifyCompletePurchaseSuccess.java:29)
at java.base/java.util.ArrayList.forEach(ArrayList.java:1604)
... Removed 25 stack frames]]>
    </failure>
  </testcase> <!-- purchaseCompleteSucess -->
  <testcase classname="TestCases.TC002_LogoutOfAccount" name="logOutOfAccount" time="0.042">
    <failure type="java.lang.NullPointerException" message="Cannot invoke &amp;quot;Utilities.ReadConfigFileData.readUsername()&amp;quot; because &amp;quot;this.rdconfig&amp;quot; is null">
      <![CDATA[java.lang.NullPointerException: Cannot invoke "Utilities.ReadConfigFileData.readUsername()" because "this.rdconfig" is null
at TestCases.BaseTest.loginToAccount(BaseTest.java:68)
at TestCases.TC002_LogoutOfAccount.logOutOfAccount(TC002_LogoutOfAccount.java:22)
at java.base/java.util.ArrayList.forEach(ArrayList.java:1604)
... Removed 25 stack frames]]>
    </failure>
  </testcase> <!-- logOutOfAccount -->
  <testcase classname="TestCases.TC001_LoginToAccount" name="loginToAccountAssertion" time="0.003">
    <failure type="java.lang.NullPointerException" message="Cannot invoke &amp;quot;Utilities.ReadConfigFileData.readUsername()&amp;quot; because &amp;quot;this.rdconfig&amp;quot; is null">
      <![CDATA[java.lang.NullPointerException: Cannot invoke "Utilities.ReadConfigFileData.readUsername()" because "this.rdconfig" is null
at TestCases.BaseTest.loginToAccount(BaseTest.java:68)
at TestCases.TC001_LoginToAccount.loginToAccountAssertion(TC001_LoginToAccount.java:16)
at java.base/java.util.ArrayList.forEach(ArrayList.java:1604)
... Removed 25 stack frames]]>
    </failure>
  </testcase> <!-- loginToAccountAssertion -->
  <testcase classname="TestCases.TC003_verifyUserIsAbleToAddItemToCart" name="verifyAdditionOfItemsSuccess" time="0.0">
    <ignored/>
  </testcase> <!-- verifyAdditionOfItemsSuccess -->
  <testcase classname="TestCases.TC005_RemoveItem" name="removeItem" time="0.0">
    <ignored/>
  </testcase> <!-- removeItem -->
  <testcase classname="TestCases.TC006_VerifyAppTitle" name="checkAppTitle" time="0.0">
    <ignored/>
  </testcase> <!-- checkAppTitle -->
</testsuite> <!-- Test -->
