<?xml version="1.0" encoding="UTF-8"?>
<!-- Generated by org.testng.reporters.JUnitXMLReporter -->
<testsuite ignored="0" hostname="kaverishravani" failures="0" tests="6" name="Test" time="38.509" errors="0" timestamp="2025-04-16T22:43:04 EDT">
  <testcase classname="TestCases.TC006_VerifyAppTitle" name="checkAppTitle" time="0.157"/>
  <testcase classname="TestCases.TC004_VerifyCompletePurchaseSuccess" name="purchaseCompleteSucess" time="1.908"/>
  <testcase classname="TestCases.TC002_LogoutOfAccount" name="logOutOfAccount" time="0.781"/>
  <testcase classname="TestCases.TC001_LoginToAccount" name="loginToAccountAssertion" time="0.585"/>
  <testcase classname="TestCases.TC003_verifyUserIsAbleToAddItemToCart" name="verifyAdditionOfItemsSuccess" time="0.906"/>
  <testcase classname="TestCases.TC005_RemoveItem" name="removeItem" time="2.111"/>
</testsuite> <!-- Test -->
