<?xml version="1.0" encoding="UTF-8"?>
<!-- Generated by org.testng.reporters.JUnitXMLReporter -->
<testsuite ignored="0" hostname="kaverishravani" failures="1" tests="6" name="Test" time="40.605" errors="0" timestamp="2025-04-17T11:15:24 EDT">
  <testcase classname="TestCases.TC006_VerifyAppTitle" name="checkAppTitle" time="0.163">
    <failure type="java.lang.AssertionError" message="expected [true] but found [false]">
      <![CDATA[java.lang.AssertionError: expected [true] but found [false]
at TestCases.TC006_VerifyAppTitle.checkAppTitle(TC006_VerifyAppTitle.java:35)
at java.base/java.util.ArrayList.forEach(ArrayList.java:1604)
... Removed 29 stack frames]]>
    </failure>
  </testcase> <!-- checkAppTitle -->
  <testcase classname="TestCases.TC004_VerifyCompletePurchaseSuccess" name="purchaseCompleteSucess" time="1.87"/>
  <testcase classname="TestCases.TC002_LogoutOfAccount" name="logOutOfAccount" time="1.145"/>
  <testcase classname="TestCases.TC001_LoginToAccount" name="loginToAccountAssertion" time="0.658"/>
  <testcase classname="TestCases.TC003_verifyUserIsAbleToAddItemToCart" name="verifyAdditionOfItemsSuccess" time="1.36"/>
  <testcase classname="TestCases.TC005_RemoveItem" name="removeItem" time="2.258"/>
</testsuite> <!-- Test -->
