<?xml version="1.0" encoding="UTF-8"?>
<!-- Generated by org.testng.reporters.JUnitXMLReporter -->
<testsuite ignored="4" hostname="kaverishravani" failures="0" tests="2" name="FunctionalityTest" time="16.411" errors="0" timestamp="2025-04-17T10:02:44 EDT">
  <testcase classname="TestCases.TC004_VerifyCompletePurchaseSuccess" name="purchaseCompleteSucess" time="1.93"/>
  <testcase classname="TestCases.TC005_RemoveItem" name="removeItem" time="2.272"/>
  <testcase classname="TestCases.TC001_LoginToAccount" name="loginToAccountAssertion" time="0.0">
    <ignored/>
  </testcase> <!-- loginToAccountAssertion -->
  <testcase classname="TestCases.TC003_verifyUserIsAbleToAddItemToCart" name="verifyAdditionOfItemsSuccess" time="0.0">
    <ignored/>
  </testcase> <!-- verifyAdditionOfItemsSuccess -->
  <testcase classname="TestCases.TC006_VerifyAppTitle" name="checkAppTitle" time="0.0">
    <ignored/>
  </testcase> <!-- checkAppTitle -->
  <testcase classname="TestCases.TC002_LogoutOfAccount" name="logOutOfAccount" time="0.0">
    <ignored/>
  </testcase> <!-- logOutOfAccount -->
</testsuite> <!-- FunctionalityTest -->
