<?xml version="1.0" encoding="UTF-8"?>
<!-- Generated by org.testng.reporters.JUnitXMLReporter -->
<testsuite ignored="3" hostname="kaverishravani" failures="0" tests="3" name="TestSanityTestCases" time="20.066" errors="0" timestamp="2025-04-17T09:58:05 EDT">
  <testcase classname="TestCases.TC004_VerifyCompletePurchaseSuccess" name="purchaseCompleteSucess" time="1.49"/>
  <testcase classname="TestCases.TC002_LogoutOfAccount" name="logOutOfAccount" time="1.163"/>
  <testcase classname="TestCases.TC001_LoginToAccount" name="loginToAccountAssertion" time="0.568"/>
  <testcase classname="TestCases.TC003_verifyUserIsAbleToAddItemToCart" name="verifyAdditionOfItemsSuccess" time="0.0">
    <ignored/>
  </testcase> <!-- verifyAdditionOfItemsSuccess -->
  <testcase classname="TestCases.TC005_RemoveItem" name="removeItem" time="0.0">
    <ignored/>
  </testcase> <!-- removeItem -->
  <testcase classname="TestCases.TC006_VerifyAppTitle" name="checkAppTitle" time="0.0">
    <ignored/>
  </testcase> <!-- checkAppTitle -->
</testsuite> <!-- TestSanityTestCases -->
